mode: set
desci-backend/internal/api/router.go:14.52,16.2 1 0
desci-backend/internal/api/router.go:18.45,26.2 4 0
desci-backend/internal/api/router.go:26.2,30.3 3 0
desci-backend/internal/api/router.go:32.2,32.10 1 0
desci-backend/internal/api/router.go:36.47,41.2 1 0
desci-backend/internal/api/router.go:44.47,48.16 3 0
desci-backend/internal/api/router.go:48.16,53.3 2 0
desci-backend/internal/api/router.go:55.2,55.33 1 0
desci-backend/internal/api/router.go:59.46,63.16 3 0
desci-backend/internal/api/router.go:63.16,68.3 2 0
desci-backend/internal/api/router.go:70.2,70.32 1 0
desci-backend/internal/api/router.go:74.50,81.47 3 0
desci-backend/internal/api/router.go:81.47,86.3 2 0
desci-backend/internal/api/router.go:88.2,89.16 2 0
desci-backend/internal/api/router.go:89.16,94.3 2 0
desci-backend/internal/api/router.go:96.2,99.4 1 0
desci-backend/cmd/server/main.go:20.13,26.16 3 0
desci-backend/cmd/server/main.go:26.16,28.3 1 0
desci-backend/cmd/server/main.go:29.2,32.45 2 0
desci-backend/cmd/server/main.go:32.45,34.3 1 0
desci-backend/cmd/server/main.go:37.2,62.41 7 0
desci-backend/cmd/server/main.go:62.41,63.17 1 0
desci-backend/cmd/server/main.go:63.17,65.4 1 0
desci-backend/cmd/server/main.go:68.2,68.29 1 0
desci-backend/cmd/server/main.go:68.29,70.17 2 0
desci-backend/cmd/server/main.go:70.17,73.4 2 0
desci-backend/cmd/server/main.go:73.9,77.71 2 0
desci-backend/cmd/server/main.go:77.71,81.5 2 0
desci-backend/cmd/server/main.go:84.4,84.14 1 0
desci-backend/cmd/server/main.go:84.14,85.49 1 0
desci-backend/cmd/server/main.go:85.49,87.6 1 0
desci-backend/cmd/server/main.go:89.4,89.57 1 0
desci-backend/cmd/server/main.go:91.8,93.3 1 0
desci-backend/cmd/server/main.go:96.2,96.12 1 0
desci-backend/cmd/server/main.go:96.12,98.80 2 0
desci-backend/cmd/server/main.go:98.80,100.4 1 0
desci-backend/cmd/server/main.go:104.2,113.45 7 0
desci-backend/cmd/server/main.go:113.45,115.3 1 0
desci-backend/cmd/server/main.go:117.2,117.34 1 0
desci-backend/cmd/server/main.go:121.56,124.35 2 0
desci-backend/cmd/server/main.go:124.35,127.3 2 0
desci-backend/cmd/server/main.go:129.2,142.62 3 0
desci-backend/cmd/server/main.go:142.62,144.3 1 0
desci-backend/cmd/server/main.go:147.2,157.62 2 0
desci-backend/cmd/server/main.go:157.62,159.3 1 0
desci-backend/cmd/server/main.go:162.2,172.55 2 0
desci-backend/cmd/server/main.go:172.55,174.3 1 0
desci-backend/cmd/server/main.go:176.2,180.12 4 0
desci-backend/internal/config/config.go:28.21,43.2 1 0
desci-backend/internal/config/config.go:45.46,46.42 1 0
desci-backend/internal/config/config.go:46.42,48.3 1 0
desci-backend/internal/config/config.go:49.2,49.21 1 0
desci-backend/internal/config/config.go:52.59,53.42 1 0
desci-backend/internal/config/config.go:53.42,54.66 1 0
desci-backend/internal/config/config.go:54.66,56.4 1 0
desci-backend/internal/config/config.go:58.2,58.21 1 0
desci-backend/internal/model/models.go:62.36,64.2 1 0
desci-backend/internal/model/models.go:73.52,74.14 1 0
desci-backend/internal/model/models.go:74.14,76.3 1 0
desci-backend/internal/model/models.go:77.2,77.24 1 0
desci-backend/internal/model/models.go:81.53,82.18 1 0
desci-backend/internal/model/models.go:82.18,85.3 2 0
desci-backend/internal/model/models.go:87.2,87.27 1 0
desci-backend/internal/model/models.go:88.14,89.30 1 0
desci-backend/internal/model/models.go:90.14,91.38 1 0
desci-backend/internal/model/models.go:92.10,93.52 1 0
desci-backend/internal/listener/listener.go:26.109,28.16 2 0
desci-backend/internal/listener/listener.go:28.16,30.3 1 0
desci-backend/internal/listener/listener.go:32.2,33.41 2 0
desci-backend/internal/listener/listener.go:33.41,35.3 1 0
desci-backend/internal/listener/listener.go:37.2,46.8 2 0
desci-backend/internal/listener/listener.go:49.82,51.2 1 0
desci-backend/internal/listener/listener.go:53.40,66.2 5 0
desci-backend/internal/listener/listener.go:68.52,78.16 4 0
desci-backend/internal/listener/listener.go:78.16,81.3 2 0
desci-backend/internal/listener/listener.go:83.2,84.28 2 0
desci-backend/internal/listener/listener.go:84.28,85.10 1 0
desci-backend/internal/listener/listener.go:86.29,86.29 0 0
desci-backend/internal/listener/listener.go:87.24,88.10 1 0
desci-backend/internal/listener/listener.go:93.49,100.16 4 0
desci-backend/internal/listener/listener.go:100.16,103.3 2 0
desci-backend/internal/listener/listener.go:105.2,108.6 3 0
desci-backend/internal/listener/listener.go:108.6,109.10 1 0
desci-backend/internal/listener/listener.go:110.27,112.10 2 0
desci-backend/internal/listener/listener.go:113.23,115.11 2 0
desci-backend/internal/listener/listener.go:116.30,116.30 0 0
desci-backend/internal/listener/listener.go:117.25,118.11 1 0
desci-backend/internal/listener/listener.go:120.24,121.10 1 0
desci-backend/internal/listener/listener.go:126.42,129.6 2 0
desci-backend/internal/listener/listener.go:129.6,130.10 1 0
desci-backend/internal/listener/listener.go:131.31,132.55 1 0
desci-backend/internal/listener/listener.go:132.55,134.5 1 0
desci-backend/internal/listener/listener.go:135.24,136.10 1 0
desci-backend/internal/listener/listener.go:142.68,143.28 1 0
desci-backend/internal/listener/listener.go:143.28,146.3 2 0
desci-backend/internal/listener/listener.go:149.2,163.37 3 0
desci-backend/internal/listener/listener.go:166.33,170.2 3 0
desci-backend/internal/listener/listener.go:172.61,174.2 1 0
desci-backend/internal/db/db.go:33.30,45.2 1 0
desci-backend/internal/db/db.go:48.31,51.2 1 0
desci-backend/internal/db/db.go:54.66,56.16 2 0
desci-backend/internal/db/db.go:56.16,58.3 1 0
desci-backend/internal/db/db.go:61.2,62.16 2 0
desci-backend/internal/db/db.go:62.16,64.3 1 0
desci-backend/internal/db/db.go:67.2,72.47 4 0
desci-backend/internal/db/db.go:72.47,74.3 1 0
desci-backend/internal/db/db.go:76.2,76.16 1 0
desci-backend/internal/db/db.go:80.34,81.49 1 0
desci-backend/internal/db/db.go:81.49,83.3 1 0
desci-backend/internal/db/db.go:85.2,86.21 2 0
desci-backend/internal/db/db.go:90.81,92.16 2 0
desci-backend/internal/db/db.go:92.16,94.3 1 0
desci-backend/internal/db/db.go:97.2,98.16 2 0
desci-backend/internal/db/db.go:98.16,100.3 1 0
desci-backend/internal/db/db.go:102.2,102.21 1 0
desci-backend/internal/db/db.go:102.21,104.3 1 0
desci-backend/internal/db/db.go:107.2,107.29 1 0
desci-backend/internal/db/db.go:107.29,108.64 1 0
desci-backend/internal/db/db.go:108.64,110.4 1 0
desci-backend/internal/db/db.go:113.2,113.12 1 0
desci-backend/internal/db/db.go:117.54,120.81 2 0
desci-backend/internal/db/db.go:120.81,121.17 1 0
desci-backend/internal/db/db.go:121.17,123.4 1 0
desci-backend/internal/db/db.go:125.3,125.16 1 0
desci-backend/internal/db/db.go:125.16,127.4 1 0
desci-backend/internal/db/db.go:129.3,129.59 1 0
desci-backend/internal/db/db.go:129.59,131.4 1 0
desci-backend/internal/db/db.go:133.3,133.13 1 0
desci-backend/internal/db/db.go:136.2,136.16 1 0
desci-backend/internal/db/db.go:136.16,138.3 1 0
desci-backend/internal/db/db.go:141.2,142.19 2 0
desci-backend/internal/db/db.go:146.83,148.16 2 0
desci-backend/internal/db/db.go:148.16,150.3 1 0
desci-backend/internal/db/db.go:153.2,154.16 2 0
desci-backend/internal/db/db.go:154.16,156.3 1 0
desci-backend/internal/db/db.go:157.2,160.64 2 0
desci-backend/internal/db/db.go:160.64,162.3 1 0
desci-backend/internal/db/db.go:165.2,165.36 1 0
desci-backend/internal/db/db.go:165.36,167.3 1 0
desci-backend/internal/db/db.go:169.2,169.12 1 0
desci-backend/internal/service/service.go:16.55,18.2 1 0
desci-backend/internal/service/service.go:21.64,23.28 1 0
desci-backend/internal/service/service.go:24.25,25.44 1 0
desci-backend/internal/service/service.go:26.24,27.43 1 0
desci-backend/internal/service/service.go:28.10,29.59 1 0
desci-backend/internal/service/service.go:32.2,32.12 1 0
desci-backend/internal/service/service.go:36.74,45.80 2 0
desci-backend/internal/service/service.go:45.80,48.3 2 0
desci-backend/internal/service/service.go:50.2,58.48 2 0
desci-backend/internal/service/service.go:62.73,71.80 2 0
desci-backend/internal/service/service.go:71.80,74.3 2 0
desci-backend/internal/service/service.go:76.2,84.50 2 0
desci-backend/internal/service/service.go:88.90,90.16 2 0
desci-backend/internal/service/service.go:90.16,92.3 1 0
desci-backend/internal/service/service.go:94.2,94.70 1 0
desci-backend/internal/service/service.go:98.85,100.2 1 0
desci-backend/internal/service/service.go:103.82,105.2 1 0
desci-backend/internal/verify/hash.go:10.64,13.2 2 1
desci-backend/internal/verify/hash.go:16.45,20.2 3 1
desci-backend/internal/verify/hash.go:23.42,26.2 2 1
desci-backend/internal/verify/hash.go:29.71,33.2 3 1
desci-backend/internal/repository/repo.go:47.49,49.2 1 1
desci-backend/internal/repository/repo.go:51.61,53.16 2 0
desci-backend/internal/repository/repo.go:53.16,55.3 1 0
desci-backend/internal/repository/repo.go:58.2,58.105 1 0
desci-backend/internal/repository/repo.go:58.105,60.3 1 0
desci-backend/internal/repository/repo.go:62.2,62.33 1 0
desci-backend/internal/repository/repo.go:66.87,67.50 1 1
desci-backend/internal/repository/repo.go:67.50,70.3 2 1
desci-backend/internal/repository/repo.go:74.73,76.2 1 1
desci-backend/internal/repository/repo.go:79.83,83.2 3 1
desci-backend/internal/repository/repo.go:86.104,90.15 3 1
desci-backend/internal/repository/repo.go:90.15,92.3 1 1
desci-backend/internal/repository/repo.go:93.2,94.18 2 1
desci-backend/internal/repository/repo.go:98.95,101.2 2 1
desci-backend/internal/repository/repo.go:104.77,106.2 1 1
desci-backend/internal/repository/repo.go:109.87,113.2 3 1
desci-backend/internal/repository/repo.go:116.99,119.15 3 1
desci-backend/internal/repository/repo.go:119.15,121.3 1 1
desci-backend/internal/repository/repo.go:122.2,123.21 2 1
desci-backend/internal/repository/repo.go:127.98,130.2 2 0
desci-backend/internal/repository/repo.go:133.64,136.2 1 1
desci-backend/internal/repository/repo.go:139.71,143.2 3 1
desci-backend/internal/repository/repo.go:146.61,148.2 1 1
desci-backend/internal/repository/repo.go:151.97,156.2 3 1
desci-backend/internal/repository/repo.go:159.54,161.16 2 1
desci-backend/internal/repository/repo.go:161.16,163.3 1 0
desci-backend/internal/repository/repo.go:164.2,164.28 1 1
