mode: atomic
desci-backend/internal/db/db.go:33.30,45.2 1 0
desci-backend/internal/db/db.go:48.31,51.2 1 0
desci-backend/internal/db/db.go:54.66,56.16 2 0
desci-backend/internal/db/db.go:56.16,58.3 1 0
desci-backend/internal/db/db.go:61.2,62.16 2 0
desci-backend/internal/db/db.go:62.16,64.3 1 0
desci-backend/internal/db/db.go:67.2,72.47 4 0
desci-backend/internal/db/db.go:72.47,74.3 1 0
desci-backend/internal/db/db.go:76.2,76.16 1 0
desci-backend/internal/db/db.go:80.34,81.49 1 0
desci-backend/internal/db/db.go:81.49,83.3 1 0
desci-backend/internal/db/db.go:85.2,86.21 2 0
desci-backend/internal/db/db.go:90.81,92.16 2 0
desci-backend/internal/db/db.go:92.16,94.3 1 0
desci-backend/internal/db/db.go:97.2,98.16 2 0
desci-backend/internal/db/db.go:98.16,100.3 1 0
desci-backend/internal/db/db.go:102.2,102.21 1 0
desci-backend/internal/db/db.go:102.21,104.3 1 0
desci-backend/internal/db/db.go:107.2,107.29 1 0
desci-backend/internal/db/db.go:107.29,108.64 1 0
desci-backend/internal/db/db.go:108.64,110.4 1 0
desci-backend/internal/db/db.go:113.2,113.12 1 0
desci-backend/internal/db/db.go:117.54,120.81 2 0
desci-backend/internal/db/db.go:120.81,121.17 1 0
desci-backend/internal/db/db.go:121.17,123.4 1 0
desci-backend/internal/db/db.go:125.3,125.16 1 0
desci-backend/internal/db/db.go:125.16,127.4 1 0
desci-backend/internal/db/db.go:129.3,129.59 1 0
desci-backend/internal/db/db.go:129.59,131.4 1 0
desci-backend/internal/db/db.go:133.3,133.13 1 0
desci-backend/internal/db/db.go:136.2,136.16 1 0
desci-backend/internal/db/db.go:136.16,138.3 1 0
desci-backend/internal/db/db.go:141.2,142.19 2 0
desci-backend/internal/db/db.go:146.83,148.16 2 0
desci-backend/internal/db/db.go:148.16,150.3 1 0
desci-backend/internal/db/db.go:153.2,154.16 2 0
desci-backend/internal/db/db.go:154.16,156.3 1 0
desci-backend/internal/db/db.go:157.2,160.64 2 0
desci-backend/internal/db/db.go:160.64,162.3 1 0
desci-backend/internal/db/db.go:165.2,165.36 1 0
desci-backend/internal/db/db.go:165.36,167.3 1 0
desci-backend/internal/db/db.go:169.2,169.12 1 0
desci-backend/cmd/server/main.go:18.13,24.16 3 0
desci-backend/cmd/server/main.go:24.16,26.3 1 0
desci-backend/cmd/server/main.go:29.2,36.36 4 0
desci-backend/cmd/server/main.go:36.36,46.17 3 0
desci-backend/cmd/server/main.go:46.17,48.4 1 0
desci-backend/cmd/server/main.go:48.9,49.48 1 0
desci-backend/cmd/server/main.go:49.48,51.5 1 0
desci-backend/cmd/server/main.go:51.10,54.5 1 0
desci-backend/cmd/server/main.go:59.2,60.51 2 0
desci-backend/cmd/server/main.go:60.51,62.3 1 0
desci-backend/cmd/server/main.go:65.2,76.41 8 0
desci-backend/internal/model/models.go:48.36,50.2 1 0
desci-backend/internal/model/models.go:59.52,60.14 1 0
desci-backend/internal/model/models.go:60.14,62.3 1 0
desci-backend/internal/model/models.go:63.2,63.24 1 0
desci-backend/internal/model/models.go:67.53,68.18 1 0
desci-backend/internal/model/models.go:68.18,71.3 2 0
desci-backend/internal/model/models.go:73.2,73.27 1 0
desci-backend/internal/model/models.go:74.14,75.30 1 0
desci-backend/internal/model/models.go:76.14,77.38 1 0
desci-backend/internal/model/models.go:78.10,79.52 1 0
desci-backend/internal/config/config.go:28.21,43.2 1 0
desci-backend/internal/config/config.go:45.46,46.42 1 0
desci-backend/internal/config/config.go:46.42,48.3 1 0
desci-backend/internal/config/config.go:49.2,49.21 1 0
desci-backend/internal/config/config.go:52.59,53.42 1 0
desci-backend/internal/config/config.go:53.42,54.66 1 0
desci-backend/internal/config/config.go:54.66,56.4 1 0
desci-backend/internal/config/config.go:58.2,58.21 1 0
desci-backend/internal/api/router.go:14.52,16.2 1 0
desci-backend/internal/api/router.go:18.45,26.2 4 0
desci-backend/internal/api/router.go:26.2,30.3 3 0
desci-backend/internal/api/router.go:32.2,32.10 1 0
desci-backend/internal/api/router.go:36.47,41.2 1 0
desci-backend/internal/api/router.go:44.47,48.16 3 0
desci-backend/internal/api/router.go:48.16,53.3 2 0
desci-backend/internal/api/router.go:55.2,55.33 1 0
desci-backend/internal/api/router.go:59.46,63.16 3 0
desci-backend/internal/api/router.go:63.16,68.3 2 0
desci-backend/internal/api/router.go:70.2,70.32 1 0
desci-backend/internal/api/router.go:74.50,81.47 3 0
desci-backend/internal/api/router.go:81.47,86.3 2 0
desci-backend/internal/api/router.go:88.2,89.16 2 0
desci-backend/internal/api/router.go:89.16,94.3 2 0
desci-backend/internal/api/router.go:96.2,99.4 1 0
desci-backend/internal/listener/listener.go:23.109,25.16 2 0
desci-backend/internal/listener/listener.go:25.16,27.3 1 0
desci-backend/internal/listener/listener.go:29.2,30.41 2 0
desci-backend/internal/listener/listener.go:30.41,32.3 1 0
desci-backend/internal/listener/listener.go:34.2,43.8 2 0
desci-backend/internal/listener/listener.go:46.40,54.16 4 0
desci-backend/internal/listener/listener.go:54.16,56.3 1 0
desci-backend/internal/listener/listener.go:58.2,58.12 1 0
desci-backend/internal/listener/listener.go:58.12,60.7 2 0
desci-backend/internal/listener/listener.go:60.7,61.11 1 0
desci-backend/internal/listener/listener.go:62.28,64.11 2 0
desci-backend/internal/listener/listener.go:65.24,66.25 1 0
desci-backend/internal/listener/listener.go:67.25,68.11 1 0
desci-backend/internal/listener/listener.go:73.2,73.12 1 0
desci-backend/internal/listener/listener.go:76.61,78.2 1 0
desci-backend/internal/listener/listener.go:80.33,83.2 2 0
desci-backend/internal/service/service.go:16.55,18.2 1 0
desci-backend/internal/service/service.go:21.64,23.28 1 0
desci-backend/internal/service/service.go:24.25,25.44 1 0
desci-backend/internal/service/service.go:26.24,27.43 1 0
desci-backend/internal/service/service.go:28.10,29.59 1 0
desci-backend/internal/service/service.go:32.2,32.12 1 0
desci-backend/internal/service/service.go:36.74,45.80 2 0
desci-backend/internal/service/service.go:45.80,48.3 2 0
desci-backend/internal/service/service.go:50.2,58.48 2 0
desci-backend/internal/service/service.go:62.73,71.80 2 0
desci-backend/internal/service/service.go:71.80,74.3 2 0
desci-backend/internal/service/service.go:76.2,84.50 2 0
desci-backend/internal/service/service.go:88.90,90.16 2 0
desci-backend/internal/service/service.go:90.16,92.3 1 0
desci-backend/internal/service/service.go:94.2,94.70 1 0
desci-backend/internal/service/service.go:98.85,100.2 1 0
desci-backend/internal/service/service.go:103.82,105.2 1 0
desci-backend/internal/verify/hash.go:10.64,13.2 2 4
desci-backend/internal/verify/hash.go:16.45,20.2 3 24
desci-backend/internal/verify/hash.go:23.42,26.2 2 4
desci-backend/internal/verify/hash.go:29.71,33.2 3 3
desci-backend/internal/repository/repo.go:47.49,49.2 1 14
desci-backend/internal/repository/repo.go:51.61,53.16 2 0
desci-backend/internal/repository/repo.go:53.16,55.3 1 0
desci-backend/internal/repository/repo.go:58.2,58.105 1 0
desci-backend/internal/repository/repo.go:58.105,60.3 1 0
desci-backend/internal/repository/repo.go:62.2,62.33 1 0
desci-backend/internal/repository/repo.go:66.87,67.50 1 2
desci-backend/internal/repository/repo.go:67.50,70.3 2 2
desci-backend/internal/repository/repo.go:74.73,76.2 1 9
desci-backend/internal/repository/repo.go:79.83,83.2 3 6
desci-backend/internal/repository/repo.go:86.104,90.15 3 1
desci-backend/internal/repository/repo.go:90.15,92.3 1 1
desci-backend/internal/repository/repo.go:93.2,94.18 2 1
desci-backend/internal/repository/repo.go:98.95,101.2 2 1
desci-backend/internal/repository/repo.go:104.77,106.2 1 4
desci-backend/internal/repository/repo.go:109.87,113.2 3 2
desci-backend/internal/repository/repo.go:116.99,119.15 3 1
desci-backend/internal/repository/repo.go:119.15,121.3 1 1
desci-backend/internal/repository/repo.go:122.2,123.21 2 1
desci-backend/internal/repository/repo.go:127.98,130.2 2 0
desci-backend/internal/repository/repo.go:133.64,136.2 1 10
desci-backend/internal/repository/repo.go:139.71,143.2 3 1
desci-backend/internal/repository/repo.go:146.61,148.2 1 1
desci-backend/internal/repository/repo.go:151.97,156.2 3 1
desci-backend/internal/repository/repo.go:159.54,161.16 2 1
desci-backend/internal/repository/repo.go:161.16,163.3 1 0
desci-backend/internal/repository/repo.go:164.2,164.28 1 1
