mode: atomic
desci-backend/internal/model/models.go:48.36,50.2 1 0
desci-backend/internal/model/models.go:59.52,60.14 1 0
desci-backend/internal/model/models.go:60.14,62.3 1 0
desci-backend/internal/model/models.go:63.2,63.24 1 0
desci-backend/internal/model/models.go:67.53,68.18 1 0
desci-backend/internal/model/models.go:68.18,71.3 2 0
desci-backend/internal/model/models.go:73.2,73.27 1 0
desci-backend/internal/model/models.go:74.14,75.30 1 0
desci-backend/internal/model/models.go:76.14,77.38 1 0
desci-backend/internal/model/models.go:78.10,79.52 1 0
desci-backend/internal/verify/hash.go:10.64,13.2 2 4
desci-backend/internal/verify/hash.go:16.45,20.2 3 24
desci-backend/internal/verify/hash.go:23.42,26.2 2 4
desci-backend/internal/verify/hash.go:29.71,33.2 3 3
desci-backend/internal/repository/repo.go:47.49,49.2 1 14
desci-backend/internal/repository/repo.go:51.61,53.16 2 0
desci-backend/internal/repository/repo.go:53.16,55.3 1 0
desci-backend/internal/repository/repo.go:58.2,58.105 1 0
desci-backend/internal/repository/repo.go:58.105,60.3 1 0
desci-backend/internal/repository/repo.go:62.2,62.33 1 0
desci-backend/internal/repository/repo.go:66.87,67.50 1 2
desci-backend/internal/repository/repo.go:67.50,70.3 2 2
desci-backend/internal/repository/repo.go:74.73,76.2 1 9
desci-backend/internal/repository/repo.go:79.83,83.2 3 6
desci-backend/internal/repository/repo.go:86.104,90.15 3 1
desci-backend/internal/repository/repo.go:90.15,92.3 1 1
desci-backend/internal/repository/repo.go:93.2,94.18 2 1
desci-backend/internal/repository/repo.go:98.95,101.2 2 1
desci-backend/internal/repository/repo.go:104.77,106.2 1 4
desci-backend/internal/repository/repo.go:109.87,113.2 3 2
desci-backend/internal/repository/repo.go:116.99,119.15 3 1
desci-backend/internal/repository/repo.go:119.15,121.3 1 1
desci-backend/internal/repository/repo.go:122.2,123.21 2 1
desci-backend/internal/repository/repo.go:127.98,130.2 2 0
desci-backend/internal/repository/repo.go:133.64,136.2 1 10
desci-backend/internal/repository/repo.go:139.71,143.2 3 1
desci-backend/internal/repository/repo.go:146.61,148.2 1 1
desci-backend/internal/repository/repo.go:151.97,156.2 3 1
desci-backend/internal/repository/repo.go:159.54,161.16 2 1
desci-backend/internal/repository/repo.go:161.16,163.3 1 0
desci-backend/internal/repository/repo.go:164.2,164.28 1 1
